<?xml version="1.0" encoding="UTF-8"?>
<!-- Generated by org.testng.reporters.JUnitReportReporter -->
<testsuite hostname="PradeepSuresh" failures="0" tests="2" name="GeneralStore.Test.FillLoginPage" time="14.730" errors="0" timestamp="2024-04-18T22:33:00 IST" skipped="0">
  <testcase classname="GeneralStore.Test.FillLoginPage" name="selectProduct" time="9.004"/>
  <system-out/>
  <testcase classname="GeneralStore.Test.FillLoginPage" name="fillLoginPage" time="5.726"/>
  <system-out/>
</testsuite> <!-- GeneralStore.Test.FillLoginPage -->
