<?xml version="1.0" encoding="UTF-8"?>
<!-- Generated by org.testng.reporters.JUnitReportReporter -->
<testsuite hostname="PradeepSuresh" failures="0" tests="3" name="app.generalstore.test.GeneralStoreTest" time="19.715" errors="0" timestamp="2024-04-20T18:12:21 IST" skipped="0">
  <testcase classname="app.generalstore.test.GeneralStoreTest" name="checkOut" time="6.077"/>
  <system-out/>
  <testcase classname="app.generalstore.test.GeneralStoreTest" name="productPurchase" time="4.206"/>
  <system-out/>
  <testcase classname="app.generalstore.test.GeneralStoreTest" name="searchProduct" time="9.432"/>
  <system-out/>
</testsuite> <!-- app.generalstore.test.GeneralStoreTest -->
