<?xml version="1.0" encoding="UTF-8"?>
<!-- Generated by org.testng.reporters.JUnitReportReporter -->
<testsuite hostname="PradeepSuresh" failures="0" tests="1" name="app.generalstore.test.GeneralStoreTest" time="19.749" errors="0" timestamp="2024-04-19T13:43:24 IST" skipped="0">
  <testcase classname="app.generalstore.test.GeneralStoreTest" name="productPurchase" time="19.749"/>
  <system-out/>
</testsuite> <!-- app.generalstore.test.GeneralStoreTest -->
